[Tue Dec 06 10:05:38.411177 2022] [mpm_prefork:notice] [pid 18985] AH00163: Apache/2.4.54 (Debian) configured -- resuming normal operations
[Tue Dec 06 10:05:38.411293 2022] [core:notice] [pid 18985] AH00094: Command line: '/usr/sbin/apache2'
[Thu Dec 08 13:46:02.693277 2022] [core:warn] [pid 323] AH00098: pid file /var/run/apache2/apache2.pid overwritten -- Unclean shutdown of previous Apache run?
[Thu Dec 08 13:46:02.700660 2022] [mpm_prefork:notice] [pid 323] AH00163: Apache/2.4.54 (Debian) configured -- resuming normal operations
[Thu Dec 08 13:46:02.700700 2022] [core:notice] [pid 323] AH00094: Command line: '/usr/sbin/apache2'
[Thu Dec 08 14:52:15.387435 2022] [mpm_prefork:notice] [pid 323] AH00169: caught SIGTERM, shutting down
[Thu Dec 08 14:52:36.284665 2022] [mpm_prefork:notice] [pid 390] AH00163: Apache/2.4.54 (Debian) configured -- resuming normal operations
[Thu Dec 08 14:52:36.284712 2022] [core:notice] [pid 390] AH00094: Command line: '/usr/sbin/apache2'
[Thu Dec 08 14:53:03.194762 2022] [mpm_prefork:notice] [pid 390] AH00169: caught SIGTERM, shutting down
[Thu Dec 08 14:58:36.070164 2022] [mpm_prefork:notice] [pid 503] AH00163: Apache/2.4.54 (Debian) configured -- resuming normal operations
[Thu Dec 08 14:58:36.070203 2022] [core:notice] [pid 503] AH00094: Command line: '/usr/sbin/apache2'
[Thu Dec 08 15:27:07.270930 2022] [mpm_prefork:notice] [pid 503] AH00169: caught SIGTERM, shutting down
[Thu Dec 08 15:27:59.523861 2022] [mpm_prefork:notice] [pid 1324] AH00163: Apache/2.4.54 (Debian) configured -- resuming normal operations
[Thu Dec 08 15:27:59.523939 2022] [core:notice] [pid 1324] AH00094: Command line: '/usr/sbin/apache2'
[Thu Dec 08 15:28:56.418796 2022] [core:warn] [pid 39] AH00098: pid file /var/run/apache2/apache2.pid overwritten -- Unclean shutdown of previous Apache run?
[Thu Dec 08 15:28:56.421901 2022] [mpm_prefork:notice] [pid 39] AH00163: Apache/2.4.54 (Debian) configured -- resuming normal operations
[Thu Dec 08 15:28:56.421917 2022] [core:notice] [pid 39] AH00094: Command line: '/usr/sbin/apache2'
[Thu Dec 08 15:32:55.497012 2022] [mpm_prefork:notice] [pid 39] AH00169: caught SIGTERM, shutting down
[Thu Dec 08 15:33:07.808052 2022] [mpm_prefork:notice] [pid 652] AH00163: Apache/2.4.54 (Debian) configured -- resuming normal operations
[Thu Dec 08 15:33:07.808101 2022] [core:notice] [pid 652] AH00094: Command line: '/usr/sbin/apache2'
[Thu Dec 08 16:07:04.313953 2022] [mpm_prefork:notice] [pid 652] AH00169: caught SIGTERM, shutting down
[Thu Dec 08 16:07:05.389579 2022] [mpm_prefork:notice] [pid 1286] AH00163: Apache/2.4.54 (Debian) configured -- resuming normal operations
[Thu Dec 08 16:07:05.389612 2022] [core:notice] [pid 1286] AH00094: Command line: '/usr/sbin/apache2'
[Thu Dec 08 16:12:41.452704 2022] [core:warn] [pid 251] AH00098: pid file /var/run/apache2/apache2.pid overwritten -- Unclean shutdown of previous Apache run?
[Thu Dec 08 16:12:41.458101 2022] [mpm_prefork:notice] [pid 251] AH00163: Apache/2.4.54 (Debian) configured -- resuming normal operations
[Thu Dec 08 16:12:41.458130 2022] [core:notice] [pid 251] AH00094: Command line: '/usr/sbin/apache2'
[Thu Dec 08 16:25:16.050737 2022] [mpm_prefork:notice] [pid 251] AH00169: caught SIGTERM, shutting down
[Thu Dec 08 16:25:17.177488 2022] [mpm_prefork:notice] [pid 1930] AH00163: Apache/2.4.54 (Debian) configured -- resuming normal operations
[Thu Dec 08 16:25:17.177581 2022] [core:notice] [pid 1930] AH00094: Command line: '/usr/sbin/apache2'
[Thu Dec 08 16:51:16.768937 2022] [mpm_prefork:notice] [pid 1930] AH00169: caught SIGTERM, shutting down
[Thu Dec 08 16:51:17.868410 2022] [mpm_prefork:notice] [pid 1989] AH00163: Apache/2.4.54 (Debian) configured -- resuming normal operations
[Thu Dec 08 16:51:17.868462 2022] [core:notice] [pid 1989] AH00094: Command line: '/usr/sbin/apache2'
[Thu Dec 08 16:51:31.343894 2022] [mpm_prefork:notice] [pid 1989] AH00169: caught SIGTERM, shutting down
[Thu Dec 08 16:51:32.448486 2022] [mpm_prefork:notice] [pid 2379] AH00163: Apache/2.4.54 (Debian) configured -- resuming normal operations
[Thu Dec 08 16:51:32.448533 2022] [core:notice] [pid 2379] AH00094: Command line: '/usr/sbin/apache2'
[Thu Dec 08 16:55:04.909862 2022] [core:warn] [pid 200] AH00098: pid file /var/run/apache2/apache2.pid overwritten -- Unclean shutdown of previous Apache run?
[Thu Dec 08 16:55:04.912984 2022] [mpm_prefork:notice] [pid 200] AH00163: Apache/2.4.54 (Debian) configured -- resuming normal operations
[Thu Dec 08 16:55:04.913002 2022] [core:notice] [pid 200] AH00094: Command line: '/usr/sbin/apache2'
[Thu Dec 08 16:59:33.179739 2022] [mpm_prefork:notice] [pid 200] AH00169: caught SIGTERM, shutting down
[Thu Dec 08 16:59:34.280419 2022] [mpm_prefork:notice] [pid 251] AH00163: Apache/2.4.54 (Debian) configured -- resuming normal operations
[Thu Dec 08 16:59:34.280463 2022] [core:notice] [pid 251] AH00094: Command line: '/usr/sbin/apache2'
[Thu Dec 08 17:11:02.699167 2022] [core:warn] [pid 39] AH00098: pid file /var/run/apache2/apache2.pid overwritten -- Unclean shutdown of previous Apache run?
[Thu Dec 08 17:11:02.704396 2022] [mpm_prefork:notice] [pid 39] AH00163: Apache/2.4.54 (Debian) configured -- resuming normal operations
[Thu Dec 08 17:11:02.704424 2022] [core:notice] [pid 39] AH00094: Command line: '/usr/sbin/apache2'
[Fri Dec 09 13:43:26.953615 2022] [core:warn] [pid 33] AH00098: pid file /var/run/apache2/apache2.pid overwritten -- Unclean shutdown of previous Apache run?
[Fri Dec 09 13:43:26.959337 2022] [mpm_prefork:notice] [pid 33] AH00163: Apache/2.4.54 (Debian) configured -- resuming normal operations
[Fri Dec 09 13:43:26.959350 2022] [core:notice] [pid 33] AH00094: Command line: '/usr/sbin/apache2'
[Fri Dec 09 15:12:58.487323 2022] [core:warn] [pid 50] AH00098: pid file /var/run/apache2/apache2.pid overwritten -- Unclean shutdown of previous Apache run?
[Fri Dec 09 15:12:58.491642 2022] [mpm_prefork:notice] [pid 50] AH00163: Apache/2.4.54 (Debian) configured -- resuming normal operations
[Fri Dec 09 15:12:58.491659 2022] [core:notice] [pid 50] AH00094: Command line: '/usr/sbin/apache2'
[Fri Dec 09 15:13:50.565836 2022] [mpm_prefork:notice] [pid 50] AH00169: caught SIGTERM, shutting down
[Fri Dec 09 15:13:51.646868 2022] [mpm_prefork:notice] [pid 100] AH00163: Apache/2.4.54 (Debian) configured -- resuming normal operations
[Fri Dec 09 15:13:51.646906 2022] [core:notice] [pid 100] AH00094: Command line: '/usr/sbin/apache2'
[Fri Dec 09 15:23:30.508867 2022] [mpm_prefork:notice] [pid 100] AH00169: caught SIGTERM, shutting down
[Fri Dec 09 15:23:31.638442 2022] [mpm_prefork:notice] [pid 149] AH00163: Apache/2.4.54 (Debian) configured -- resuming normal operations
[Fri Dec 09 15:23:31.638513 2022] [core:notice] [pid 149] AH00094: Command line: '/usr/sbin/apache2'
[Fri Dec 09 15:23:59.738396 2022] [mpm_prefork:notice] [pid 149] AH00169: caught SIGTERM, shutting down
[Fri Dec 09 15:24:00.860097 2022] [mpm_prefork:notice] [pid 196] AH00163: Apache/2.4.54 (Debian) configured -- resuming normal operations
[Fri Dec 09 15:24:00.860134 2022] [core:notice] [pid 196] AH00094: Command line: '/usr/sbin/apache2'
[Sat Dec 10 18:22:23.274718 2022] [core:warn] [pid 33] AH00098: pid file /var/run/apache2/apache2.pid overwritten -- Unclean shutdown of previous Apache run?
[Sat Dec 10 18:22:23.282956 2022] [mpm_prefork:notice] [pid 33] AH00163: Apache/2.4.54 (Debian) configured -- resuming normal operations
[Sat Dec 10 18:22:23.282996 2022] [core:notice] [pid 33] AH00094: Command line: '/usr/sbin/apache2'
[Sat Dec 10 18:48:38.155631 2022] [core:warn] [pid 40] AH00098: pid file /var/run/apache2/apache2.pid overwritten -- Unclean shutdown of previous Apache run?
[Sat Dec 10 18:48:38.161004 2022] [mpm_prefork:notice] [pid 40] AH00163: Apache/2.4.54 (Debian) configured -- resuming normal operations
[Sat Dec 10 18:48:38.161076 2022] [core:notice] [pid 40] AH00094: Command line: '/usr/sbin/apache2'
[Sat Dec 10 18:53:09.897064 2022] [mpm_prefork:notice] [pid 40] AH00169: caught SIGTERM, shutting down
[Sat Dec 10 18:53:10.962875 2022] [mpm_prefork:notice] [pid 281] AH00163: Apache/2.4.54 (Debian) configured -- resuming normal operations
[Sat Dec 10 18:53:10.962962 2022] [core:notice] [pid 281] AH00094: Command line: '/usr/sbin/apache2'
[Sat Dec 10 18:56:05.627052 2022] [core:warn] [pid 33] AH00098: pid file /var/run/apache2/apache2.pid overwritten -- Unclean shutdown of previous Apache run?
[Sat Dec 10 18:56:05.633235 2022] [mpm_prefork:notice] [pid 33] AH00163: Apache/2.4.54 (Debian) configured -- resuming normal operations
[Sat Dec 10 18:56:05.633263 2022] [core:notice] [pid 33] AH00094: Command line: '/usr/sbin/apache2'
[Mon Dec 12 16:42:29.768674 2022] [core:warn] [pid 34] AH00098: pid file /var/run/apache2/apache2.pid overwritten -- Unclean shutdown of previous Apache run?
[Mon Dec 12 16:42:29.776714 2022] [mpm_prefork:notice] [pid 34] AH00163: Apache/2.4.54 (Debian) configured -- resuming normal operations
[Mon Dec 12 16:42:29.776782 2022] [core:notice] [pid 34] AH00094: Command line: '/usr/sbin/apache2'
[Fri Dec 16 10:51:39.519210 2022] [core:warn] [pid 33] AH00098: pid file /var/run/apache2/apache2.pid overwritten -- Unclean shutdown of previous Apache run?
[Fri Dec 16 10:51:39.524568 2022] [mpm_prefork:notice] [pid 33] AH00163: Apache/2.4.54 (Debian) configured -- resuming normal operations
[Fri Dec 16 10:51:39.524588 2022] [core:notice] [pid 33] AH00094: Command line: '/usr/sbin/apache2'
